mode: set
github.com/hveda/Setagaya/setagaya/config/init.go:156.27,158.2 1 1
github.com/hveda/Setagaya/setagaya/config/init.go:160.45,163.31 3 1
github.com/hveda/Setagaya/setagaya/config/init.go:163.31,165.3 1 1
github.com/hveda/Setagaya/setagaya/config/init.go:166.2,167.16 2 1
github.com/hveda/Setagaya/setagaya/config/init.go:167.16,169.3 1 0
github.com/hveda/Setagaya/setagaya/config/init.go:170.2,173.50 2 1
github.com/hveda/Setagaya/setagaya/config/init.go:176.25,179.16 3 0
github.com/hveda/Setagaya/setagaya/config/init.go:179.16,181.3 1 0
github.com/hveda/Setagaya/setagaya/config/init.go:182.2,184.16 2 0
github.com/hveda/Setagaya/setagaya/config/init.go:184.16,186.3 1 0
github.com/hveda/Setagaya/setagaya/config/init.go:187.2,187.21 1 0
github.com/hveda/Setagaya/setagaya/config/init.go:190.21,193.25 3 1
github.com/hveda/Setagaya/setagaya/config/init.go:193.25,194.24 1 0
github.com/hveda/Setagaya/setagaya/config/init.go:194.24,196.4 1 0
github.com/hveda/Setagaya/setagaya/config/init.go:200.35,205.47 3 1
github.com/hveda/Setagaya/setagaya/config/init.go:205.47,223.3 5 1
github.com/hveda/Setagaya/setagaya/config/init.go:225.2,226.16 2 0
github.com/hveda/Setagaya/setagaya/config/init.go:226.16,228.3 1 0
github.com/hveda/Setagaya/setagaya/config/init.go:229.2,230.16 2 0
github.com/hveda/Setagaya/setagaya/config/init.go:230.16,232.3 1 0
github.com/hveda/Setagaya/setagaya/config/init.go:233.2,233.48 1 0
github.com/hveda/Setagaya/setagaya/config/init.go:233.48,235.3 1 0
github.com/hveda/Setagaya/setagaya/config/init.go:236.2,238.26 3 0
github.com/hveda/Setagaya/setagaya/config/init.go:238.26,240.3 1 0
github.com/hveda/Setagaya/setagaya/config/init.go:244.2,244.30 1 0
github.com/hveda/Setagaya/setagaya/config/init.go:244.30,245.48 1 0
github.com/hveda/Setagaya/setagaya/config/init.go:245.48,247.4 1 0
github.com/hveda/Setagaya/setagaya/config/init.go:248.3,248.43 1 0
github.com/hveda/Setagaya/setagaya/config/init.go:248.43,251.4 1 0
github.com/hveda/Setagaya/setagaya/config/init.go:252.3,252.52 1 0
github.com/hveda/Setagaya/setagaya/config/init.go:252.52,254.4 1 0
github.com/hveda/Setagaya/setagaya/config/init.go:256.2,256.37 1 0
github.com/hveda/Setagaya/setagaya/config/init.go:256.37,258.3 1 0
github.com/hveda/Setagaya/setagaya/config/init.go:259.2,259.39 1 0
github.com/hveda/Setagaya/setagaya/config/init.go:259.39,261.3 1 0
github.com/hveda/Setagaya/setagaya/config/init.go:262.2,262.11 1 0
github.com/hveda/Setagaya/setagaya/config/init.go:267.13,271.22 4 1
github.com/hveda/Setagaya/setagaya/config/init.go:271.22,274.3 2 0
github.com/hveda/Setagaya/setagaya/config/k8s.go:14.47,16.2 1 0
github.com/hveda/Setagaya/setagaya/config/k8s.go:19.41,24.2 4 0
github.com/hveda/Setagaya/setagaya/config/k8s.go:27.47,30.33 3 0
github.com/hveda/Setagaya/setagaya/config/k8s.go:30.33,33.3 2 0
github.com/hveda/Setagaya/setagaya/config/k8s.go:33.8,36.3 2 0
github.com/hveda/Setagaya/setagaya/config/k8s.go:37.2,37.16 1 0
github.com/hveda/Setagaya/setagaya/config/k8s.go:37.16,39.3 1 0
github.com/hveda/Setagaya/setagaya/config/k8s.go:40.2,41.20 2 0
github.com/hveda/Setagaya/setagaya/config/k8s.go:45.53,47.16 2 0
github.com/hveda/Setagaya/setagaya/config/k8s.go:47.16,49.3 1 0
github.com/hveda/Setagaya/setagaya/config/k8s.go:50.2,51.16 2 0
github.com/hveda/Setagaya/setagaya/config/k8s.go:51.16,53.3 1 0
github.com/hveda/Setagaya/setagaya/config/k8s.go:54.2,54.20 1 0
github.com/hveda/Setagaya/setagaya/config/k8s.go:57.54,59.16 2 0
github.com/hveda/Setagaya/setagaya/config/k8s.go:59.16,61.3 1 0
github.com/hveda/Setagaya/setagaya/config/k8s.go:62.2,63.16 2 0
github.com/hveda/Setagaya/setagaya/config/k8s.go:63.16,65.3 1 0
github.com/hveda/Setagaya/setagaya/config/k8s.go:66.2,66.23 1 0
github.com/hveda/Setagaya/setagaya/config/mysql.go:21.50,23.2 1 1
github.com/hveda/Setagaya/setagaya/config/mysql.go:25.51,29.27 4 0
github.com/hveda/Setagaya/setagaya/config/mysql.go:29.27,32.3 2 0
github.com/hveda/Setagaya/setagaya/config/mysql.go:33.2,36.16 4 0
github.com/hveda/Setagaya/setagaya/config/mysql.go:36.16,38.3 1 0
github.com/hveda/Setagaya/setagaya/config/mysql.go:39.2,39.11 1 0
github.com/hveda/Setagaya/setagaya/engines/model/metrics.go:17.59,26.43 2 1
github.com/hveda/Setagaya/setagaya/engines/model/metrics.go:26.43,27.16 1 1
github.com/hveda/Setagaya/setagaya/engines/model/metrics.go:27.16,36.4 2 1
github.com/hveda/Setagaya/setagaya/engines/model/metrics.go:38.2,38.17 1 1
github.com/hveda/Setagaya/setagaya/engines/model/metrics.go:41.71,43.28 2 1
github.com/hveda/Setagaya/setagaya/engines/model/metrics.go:43.28,45.3 1 1
github.com/hveda/Setagaya/setagaya/engines/model/metrics.go:46.2,46.18 1 1
github.com/hveda/Setagaya/setagaya/scheduler/cloudrun.go:34.55,38.16 3 0
github.com/hveda/Setagaya/setagaya/scheduler/cloudrun.go:38.16,40.3 1 0
github.com/hveda/Setagaya/setagaya/scheduler/cloudrun.go:41.2,54.11 7 0
github.com/hveda/Setagaya/setagaya/scheduler/cloudrun.go:57.90,59.2 1 0
github.com/hveda/Setagaya/setagaya/scheduler/cloudrun.go:61.103,69.2 7 0
github.com/hveda/Setagaya/setagaya/scheduler/cloudrun.go:71.131,115.2 3 0
github.com/hveda/Setagaya/setagaya/scheduler/cloudrun.go:117.47,120.39 3 0
github.com/hveda/Setagaya/setagaya/scheduler/cloudrun.go:120.39,121.23 1 0
github.com/hveda/Setagaya/setagaya/scheduler/cloudrun.go:121.23,124.4 2 0
github.com/hveda/Setagaya/setagaya/scheduler/cloudrun.go:125.3,125.22 1 0
github.com/hveda/Setagaya/setagaya/scheduler/cloudrun.go:126.17,127.59 1 0
github.com/hveda/Setagaya/setagaya/scheduler/cloudrun.go:127.59,129.5 1 0
github.com/hveda/Setagaya/setagaya/scheduler/cloudrun.go:130.4,130.16 1 0
github.com/hveda/Setagaya/setagaya/scheduler/cloudrun.go:131.17,132.134 1 0
github.com/hveda/Setagaya/setagaya/scheduler/cloudrun.go:132.134,134.5 1 0
github.com/hveda/Setagaya/setagaya/scheduler/cloudrun.go:136.4,136.16 1 0
github.com/hveda/Setagaya/setagaya/scheduler/cloudrun.go:151.143,154.16 3 0
github.com/hveda/Setagaya/setagaya/scheduler/cloudrun.go:154.16,156.3 1 0
github.com/hveda/Setagaya/setagaya/scheduler/cloudrun.go:159.2,172.16 5 0
github.com/hveda/Setagaya/setagaya/scheduler/cloudrun.go:172.16,174.3 1 0
github.com/hveda/Setagaya/setagaya/scheduler/cloudrun.go:175.2,175.12 1 0
github.com/hveda/Setagaya/setagaya/scheduler/cloudrun.go:178.136,189.2 3 0
github.com/hveda/Setagaya/setagaya/scheduler/cloudrun.go:191.134,193.2 1 0
github.com/hveda/Setagaya/setagaya/scheduler/cloudrun.go:195.59,197.71 2 0
github.com/hveda/Setagaya/setagaya/scheduler/cloudrun.go:197.71,200.3 2 0
github.com/hveda/Setagaya/setagaya/scheduler/cloudrun.go:201.2,201.12 1 0
github.com/hveda/Setagaya/setagaya/scheduler/cloudrun.go:204.63,206.16 2 0
github.com/hveda/Setagaya/setagaya/scheduler/cloudrun.go:206.16,208.3 1 0
github.com/hveda/Setagaya/setagaya/scheduler/cloudrun.go:209.2,209.29 1 0
github.com/hveda/Setagaya/setagaya/scheduler/cloudrun.go:209.29,214.3 1 0
github.com/hveda/Setagaya/setagaya/scheduler/cloudrun.go:215.2,215.12 1 0
github.com/hveda/Setagaya/setagaya/scheduler/cloudrun.go:218.90,221.16 3 0
github.com/hveda/Setagaya/setagaya/scheduler/cloudrun.go:221.16,223.3 1 0
github.com/hveda/Setagaya/setagaya/scheduler/cloudrun.go:224.2,224.24 1 0
github.com/hveda/Setagaya/setagaya/scheduler/cloudrun.go:227.102,230.16 3 0
github.com/hveda/Setagaya/setagaya/scheduler/cloudrun.go:230.16,232.3 1 0
github.com/hveda/Setagaya/setagaya/scheduler/cloudrun.go:233.2,233.24 1 0
github.com/hveda/Setagaya/setagaya/scheduler/cloudrun.go:236.131,238.16 2 0
github.com/hveda/Setagaya/setagaya/scheduler/cloudrun.go:238.16,240.3 1 0
github.com/hveda/Setagaya/setagaya/scheduler/cloudrun.go:241.2,248.25 4 0
github.com/hveda/Setagaya/setagaya/scheduler/cloudrun.go:248.25,254.3 2 0
github.com/hveda/Setagaya/setagaya/scheduler/cloudrun.go:255.2,255.29 1 0
github.com/hveda/Setagaya/setagaya/scheduler/cloudrun.go:255.29,257.17 2 0
github.com/hveda/Setagaya/setagaya/scheduler/cloudrun.go:257.17,259.4 1 0
github.com/hveda/Setagaya/setagaya/scheduler/cloudrun.go:260.3,262.10 3 0
github.com/hveda/Setagaya/setagaya/scheduler/cloudrun.go:262.10,264.12 2 0
github.com/hveda/Setagaya/setagaya/scheduler/cloudrun.go:266.3,268.44 3 0
github.com/hveda/Setagaya/setagaya/scheduler/cloudrun.go:268.44,269.26 1 0
github.com/hveda/Setagaya/setagaya/scheduler/cloudrun.go:269.26,271.5 1 0
github.com/hveda/Setagaya/setagaya/scheduler/cloudrun.go:273.3,273.12 1 0
github.com/hveda/Setagaya/setagaya/scheduler/cloudrun.go:273.12,275.4 1 0
github.com/hveda/Setagaya/setagaya/scheduler/cloudrun.go:277.2,277.39 1 0
github.com/hveda/Setagaya/setagaya/scheduler/cloudrun.go:277.39,281.26 3 0
github.com/hveda/Setagaya/setagaya/scheduler/cloudrun.go:281.26,283.18 2 0
github.com/hveda/Setagaya/setagaya/scheduler/cloudrun.go:283.18,286.5 2 0
github.com/hveda/Setagaya/setagaya/scheduler/cloudrun.go:288.3,288.34 1 0
github.com/hveda/Setagaya/setagaya/scheduler/cloudrun.go:290.2,290.16 1 0
github.com/hveda/Setagaya/setagaya/scheduler/cloudrun.go:294.118,297.16 2 0
github.com/hveda/Setagaya/setagaya/scheduler/cloudrun.go:297.16,299.3 1 0
github.com/hveda/Setagaya/setagaya/scheduler/cloudrun.go:300.2,301.29 2 0
github.com/hveda/Setagaya/setagaya/scheduler/cloudrun.go:301.29,303.3 1 0
github.com/hveda/Setagaya/setagaya/scheduler/cloudrun.go:304.2,304.15 1 0
github.com/hveda/Setagaya/setagaya/scheduler/cloudrun.go:307.75,310.16 3 0
github.com/hveda/Setagaya/setagaya/scheduler/cloudrun.go:310.16,312.3 1 0
github.com/hveda/Setagaya/setagaya/scheduler/cloudrun.go:313.2,313.33 1 0
github.com/hveda/Setagaya/setagaya/scheduler/cloudrun.go:313.33,315.17 2 0
github.com/hveda/Setagaya/setagaya/scheduler/cloudrun.go:315.17,317.4 1 0
github.com/hveda/Setagaya/setagaya/scheduler/cloudrun.go:318.3,319.17 2 0
github.com/hveda/Setagaya/setagaya/scheduler/cloudrun.go:319.17,322.4 2 0
github.com/hveda/Setagaya/setagaya/scheduler/cloudrun.go:323.3,323.38 1 0
github.com/hveda/Setagaya/setagaya/scheduler/cloudrun.go:325.2,325.31 1 0
github.com/hveda/Setagaya/setagaya/scheduler/cloudrun.go:328.103,331.2 1 0
github.com/hveda/Setagaya/setagaya/scheduler/cloudrun.go:335.59,337.16 2 0
github.com/hveda/Setagaya/setagaya/scheduler/cloudrun.go:337.16,339.3 1 0
github.com/hveda/Setagaya/setagaya/scheduler/cloudrun.go:340.2,340.19 1 0
github.com/hveda/Setagaya/setagaya/scheduler/cloudrun.go:343.114,345.2 1 0
github.com/hveda/Setagaya/setagaya/scheduler/cloudrun.go:347.58,349.2 1 0
github.com/hveda/Setagaya/setagaya/scheduler/cloudrun.go:351.64,353.2 1 0
github.com/hveda/Setagaya/setagaya/scheduler/cloudrun.go:355.72,357.2 1 0
github.com/hveda/Setagaya/setagaya/scheduler/cloudrun.go:359.79,361.2 1 0
github.com/hveda/Setagaya/setagaya/scheduler/cloudrun.go:363.80,366.16 2 0
github.com/hveda/Setagaya/setagaya/scheduler/cloudrun.go:366.16,368.3 1 0
github.com/hveda/Setagaya/setagaya/scheduler/cloudrun.go:369.2,373.16 5 0
github.com/hveda/Setagaya/setagaya/scheduler/cloudrun.go:373.16,375.3 1 0
github.com/hveda/Setagaya/setagaya/scheduler/cloudrun.go:376.2,378.16 3 0
github.com/hveda/Setagaya/setagaya/scheduler/cloudrun.go:378.16,380.3 1 0
github.com/hveda/Setagaya/setagaya/scheduler/cloudrun.go:381.2,381.23 1 0
github.com/hveda/Setagaya/setagaya/scheduler/errors.go:12.49,14.2 1 1
github.com/hveda/Setagaya/setagaya/scheduler/errors.go:16.37,18.2 1 1
github.com/hveda/Setagaya/setagaya/scheduler/errors.go:25.46,27.2 1 1
github.com/hveda/Setagaya/setagaya/scheduler/k8s.go:39.71,41.16 2 0
github.com/hveda/Setagaya/setagaya/scheduler/k8s.go:41.16,43.3 1 0
github.com/hveda/Setagaya/setagaya/scheduler/k8s.go:44.2,45.16 2 0
github.com/hveda/Setagaya/setagaya/scheduler/k8s.go:45.16,47.3 1 0
github.com/hveda/Setagaya/setagaya/scheduler/k8s.go:50.2,51.22 2 0
github.com/hveda/Setagaya/setagaya/scheduler/k8s.go:51.22,53.3 1 0
github.com/hveda/Setagaya/setagaya/scheduler/k8s.go:55.2,60.3 1 0
github.com/hveda/Setagaya/setagaya/scheduler/k8s.go:63.62,82.2 2 0
github.com/hveda/Setagaya/setagaya/scheduler/k8s.go:84.74,95.2 1 0
github.com/hveda/Setagaya/setagaya/scheduler/k8s.go:97.91,105.2 2 0
github.com/hveda/Setagaya/setagaya/scheduler/k8s.go:107.60,124.2 2 0
github.com/hveda/Setagaya/setagaya/scheduler/k8s.go:126.67,129.2 2 0
github.com/hveda/Setagaya/setagaya/scheduler/k8s.go:131.58,135.17 4 0
github.com/hveda/Setagaya/setagaya/scheduler/k8s.go:135.17,139.3 3 0
github.com/hveda/Setagaya/setagaya/scheduler/k8s.go:140.2,140.17 1 0
github.com/hveda/Setagaya/setagaya/scheduler/k8s.go:143.46,147.17 3 0
github.com/hveda/Setagaya/setagaya/scheduler/k8s.go:147.17,148.24 1 0
github.com/hveda/Setagaya/setagaya/scheduler/k8s.go:148.24,150.4 1 0
github.com/hveda/Setagaya/setagaya/scheduler/k8s.go:152.2,152.20 1 0
github.com/hveda/Setagaya/setagaya/scheduler/k8s.go:155.66,156.57 1 0
github.com/hveda/Setagaya/setagaya/scheduler/k8s.go:156.57,158.38 2 0
github.com/hveda/Setagaya/setagaya/scheduler/k8s.go:158.38,163.4 1 0
github.com/hveda/Setagaya/setagaya/scheduler/k8s.go:164.3,164.21 1 0
github.com/hveda/Setagaya/setagaya/scheduler/k8s.go:166.2,166.28 1 0
github.com/hveda/Setagaya/setagaya/scheduler/k8s.go:170.103,174.36 4 0
github.com/hveda/Setagaya/setagaya/scheduler/k8s.go:174.36,199.3 10 0
github.com/hveda/Setagaya/setagaya/scheduler/k8s.go:200.2,278.19 8 0
github.com/hveda/Setagaya/setagaya/scheduler/k8s.go:283.52,341.2 3 0
github.com/hveda/Setagaya/setagaya/scheduler/k8s.go:343.74,346.33 3 0
github.com/hveda/Setagaya/setagaya/scheduler/k8s.go:346.33,349.3 1 0
github.com/hveda/Setagaya/setagaya/scheduler/k8s.go:349.8,349.23 1 0
github.com/hveda/Setagaya/setagaya/scheduler/k8s.go:349.23,351.3 1 0
github.com/hveda/Setagaya/setagaya/scheduler/k8s.go:352.2,352.12 1 0
github.com/hveda/Setagaya/setagaya/scheduler/k8s.go:355.87,374.55 2 0
github.com/hveda/Setagaya/setagaya/scheduler/k8s.go:374.55,375.34 1 0
github.com/hveda/Setagaya/setagaya/scheduler/k8s.go:376.19,377.49 1 0
github.com/hveda/Setagaya/setagaya/scheduler/k8s.go:378.23,380.53 2 0
github.com/hveda/Setagaya/setagaya/scheduler/k8s.go:383.2,384.33 2 0
github.com/hveda/Setagaya/setagaya/scheduler/k8s.go:384.33,386.3 1 0
github.com/hveda/Setagaya/setagaya/scheduler/k8s.go:386.8,386.23 1 0
github.com/hveda/Setagaya/setagaya/scheduler/k8s.go:386.23,388.3 1 0
github.com/hveda/Setagaya/setagaya/scheduler/k8s.go:389.2,389.12 1 0
github.com/hveda/Setagaya/setagaya/scheduler/k8s.go:392.64,400.16 2 0
github.com/hveda/Setagaya/setagaya/scheduler/k8s.go:400.16,403.3 2 0
github.com/hveda/Setagaya/setagaya/scheduler/k8s.go:404.2,404.29 1 0
github.com/hveda/Setagaya/setagaya/scheduler/k8s.go:404.29,406.3 1 0
github.com/hveda/Setagaya/setagaya/scheduler/k8s.go:406.8,408.3 1 0
github.com/hveda/Setagaya/setagaya/scheduler/k8s.go:411.96,413.16 2 0
github.com/hveda/Setagaya/setagaya/scheduler/k8s.go:413.16,416.3 2 0
github.com/hveda/Setagaya/setagaya/scheduler/k8s.go:417.2,417.12 1 0
github.com/hveda/Setagaya/setagaya/scheduler/k8s.go:421.65,427.82 6 0
github.com/hveda/Setagaya/setagaya/scheduler/k8s.go:427.82,429.3 1 0
github.com/hveda/Setagaya/setagaya/scheduler/k8s.go:430.2,431.71 2 0
github.com/hveda/Setagaya/setagaya/scheduler/k8s.go:431.71,433.3 1 0
github.com/hveda/Setagaya/setagaya/scheduler/k8s.go:434.2,436.109 3 0
github.com/hveda/Setagaya/setagaya/scheduler/k8s.go:436.109,438.3 1 0
github.com/hveda/Setagaya/setagaya/scheduler/k8s.go:439.2,440.12 2 0
github.com/hveda/Setagaya/setagaya/scheduler/k8s.go:443.99,465.2 2 0
github.com/hveda/Setagaya/setagaya/scheduler/k8s.go:467.144,474.135 7 0
github.com/hveda/Setagaya/setagaya/scheduler/k8s.go:474.135,476.3 1 0
github.com/hveda/Setagaya/setagaya/scheduler/k8s.go:477.2,478.127 2 0
github.com/hveda/Setagaya/setagaya/scheduler/k8s.go:478.127,481.3 2 0
github.com/hveda/Setagaya/setagaya/scheduler/k8s.go:482.2,482.12 1 0
github.com/hveda/Setagaya/setagaya/scheduler/k8s.go:485.77,489.16 3 0
github.com/hveda/Setagaya/setagaya/scheduler/k8s.go:489.16,491.3 1 0
github.com/hveda/Setagaya/setagaya/scheduler/k8s.go:492.2,492.19 1 0
github.com/hveda/Setagaya/setagaya/scheduler/k8s.go:492.19,494.3 1 0
github.com/hveda/Setagaya/setagaya/scheduler/k8s.go:495.2,495.47 1 0
github.com/hveda/Setagaya/setagaya/scheduler/k8s.go:495.47,497.58 1 0
github.com/hveda/Setagaya/setagaya/scheduler/k8s.go:497.58,499.4 1 0
github.com/hveda/Setagaya/setagaya/scheduler/k8s.go:500.3,500.62 1 0
github.com/hveda/Setagaya/setagaya/scheduler/k8s.go:502.2,503.16 2 0
github.com/hveda/Setagaya/setagaya/scheduler/k8s.go:503.16,505.3 1 0
github.com/hveda/Setagaya/setagaya/scheduler/k8s.go:506.2,507.56 2 0
github.com/hveda/Setagaya/setagaya/scheduler/k8s.go:510.96,516.16 2 0
github.com/hveda/Setagaya/setagaya/scheduler/k8s.go:516.16,518.3 1 0
github.com/hveda/Setagaya/setagaya/scheduler/k8s.go:519.2,519.30 1 0
github.com/hveda/Setagaya/setagaya/scheduler/k8s.go:522.104,525.16 3 0
github.com/hveda/Setagaya/setagaya/scheduler/k8s.go:525.16,527.3 1 0
github.com/hveda/Setagaya/setagaya/scheduler/k8s.go:528.2,528.13 1 0
github.com/hveda/Setagaya/setagaya/scheduler/k8s.go:531.88,534.16 3 0
github.com/hveda/Setagaya/setagaya/scheduler/k8s.go:534.16,536.3 1 0
github.com/hveda/Setagaya/setagaya/scheduler/k8s.go:537.2,537.39 1 0
github.com/hveda/Setagaya/setagaya/scheduler/k8s.go:537.39,541.3 3 0
github.com/hveda/Setagaya/setagaya/scheduler/k8s.go:542.2,542.18 1 0
github.com/hveda/Setagaya/setagaya/scheduler/k8s.go:545.127,547.16 2 0
github.com/hveda/Setagaya/setagaya/scheduler/k8s.go:547.16,549.3 1 0
github.com/hveda/Setagaya/setagaya/scheduler/k8s.go:550.2,551.41 2 0
github.com/hveda/Setagaya/setagaya/scheduler/k8s.go:551.41,555.3 3 0
github.com/hveda/Setagaya/setagaya/scheduler/k8s.go:556.2,556.18 1 0
github.com/hveda/Setagaya/setagaya/scheduler/k8s.go:560.86,562.25 2 0
github.com/hveda/Setagaya/setagaya/scheduler/k8s.go:562.25,568.3 2 0
github.com/hveda/Setagaya/setagaya/scheduler/k8s.go:569.2,569.21 1 0
github.com/hveda/Setagaya/setagaya/scheduler/k8s.go:573.122,577.27 3 0
github.com/hveda/Setagaya/setagaya/scheduler/k8s.go:577.27,578.49 1 0
github.com/hveda/Setagaya/setagaya/scheduler/k8s.go:578.49,580.12 2 0
github.com/hveda/Setagaya/setagaya/scheduler/k8s.go:583.3,584.17 2 0
github.com/hveda/Setagaya/setagaya/scheduler/k8s.go:584.17,586.12 2 0
github.com/hveda/Setagaya/setagaya/scheduler/k8s.go:589.3,590.10 2 0
github.com/hveda/Setagaya/setagaya/scheduler/k8s.go:590.10,592.12 2 0
github.com/hveda/Setagaya/setagaya/scheduler/k8s.go:595.3,596.43 2 0
github.com/hveda/Setagaya/setagaya/scheduler/k8s.go:596.43,598.4 1 0
github.com/hveda/Setagaya/setagaya/scheduler/k8s.go:601.2,601.48 1 0
github.com/hveda/Setagaya/setagaya/scheduler/k8s.go:605.120,606.32 1 0
github.com/hveda/Setagaya/setagaya/scheduler/k8s.go:606.32,610.3 3 0
github.com/hveda/Setagaya/setagaya/scheduler/k8s.go:611.2,611.34 1 0
github.com/hveda/Setagaya/setagaya/scheduler/k8s.go:615.160,619.32 3 0
github.com/hveda/Setagaya/setagaya/scheduler/k8s.go:619.32,621.3 1 0
github.com/hveda/Setagaya/setagaya/scheduler/k8s.go:623.2,623.34 1 0
github.com/hveda/Setagaya/setagaya/scheduler/k8s.go:623.34,625.3 1 0
github.com/hveda/Setagaya/setagaya/scheduler/k8s.go:626.2,630.16 4 0
github.com/hveda/Setagaya/setagaya/scheduler/k8s.go:630.16,632.58 2 0
github.com/hveda/Setagaya/setagaya/scheduler/k8s.go:632.58,634.4 1 0
github.com/hveda/Setagaya/setagaya/scheduler/k8s.go:635.3,635.28 1 0
github.com/hveda/Setagaya/setagaya/scheduler/k8s.go:638.2,638.14 1 0
github.com/hveda/Setagaya/setagaya/scheduler/k8s.go:641.140,649.49 6 0
github.com/hveda/Setagaya/setagaya/scheduler/k8s.go:649.49,650.35 1 0
github.com/hveda/Setagaya/setagaya/scheduler/k8s.go:650.35,652.4 1 0
github.com/hveda/Setagaya/setagaya/scheduler/k8s.go:653.3,653.17 1 0
github.com/hveda/Setagaya/setagaya/scheduler/k8s.go:657.2,658.18 2 0
github.com/hveda/Setagaya/setagaya/scheduler/k8s.go:658.18,665.40 4 0
github.com/hveda/Setagaya/setagaya/scheduler/k8s.go:665.40,668.4 2 0
github.com/hveda/Setagaya/setagaya/scheduler/k8s.go:671.2,672.16 2 0
github.com/hveda/Setagaya/setagaya/scheduler/k8s.go:675.103,679.2 3 0
github.com/hveda/Setagaya/setagaya/scheduler/k8s.go:681.77,695.16 4 0
github.com/hveda/Setagaya/setagaya/scheduler/k8s.go:695.16,697.3 1 0
github.com/hveda/Setagaya/setagaya/scheduler/k8s.go:698.2,700.16 3 0
github.com/hveda/Setagaya/setagaya/scheduler/k8s.go:700.16,702.3 1 0
github.com/hveda/Setagaya/setagaya/scheduler/k8s.go:703.2,703.23 1 0
github.com/hveda/Setagaya/setagaya/scheduler/k8s.go:706.89,708.16 2 0
github.com/hveda/Setagaya/setagaya/scheduler/k8s.go:708.16,710.3 1 0
github.com/hveda/Setagaya/setagaya/scheduler/k8s.go:711.2,711.19 1 0
github.com/hveda/Setagaya/setagaya/scheduler/k8s.go:711.19,713.3 1 0
github.com/hveda/Setagaya/setagaya/scheduler/k8s.go:714.2,714.66 1 0
github.com/hveda/Setagaya/setagaya/scheduler/k8s.go:717.68,723.16 3 0
github.com/hveda/Setagaya/setagaya/scheduler/k8s.go:723.16,725.3 1 0
github.com/hveda/Setagaya/setagaya/scheduler/k8s.go:726.2,727.39 2 0
github.com/hveda/Setagaya/setagaya/scheduler/k8s.go:727.39,728.36 1 0
github.com/hveda/Setagaya/setagaya/scheduler/k8s.go:728.36,730.4 1 0
github.com/hveda/Setagaya/setagaya/scheduler/k8s.go:732.2,732.14 1 0
github.com/hveda/Setagaya/setagaya/scheduler/k8s.go:735.70,737.16 2 0
github.com/hveda/Setagaya/setagaya/scheduler/k8s.go:737.16,740.3 2 0
github.com/hveda/Setagaya/setagaya/scheduler/k8s.go:741.2,742.41 2 0
github.com/hveda/Setagaya/setagaya/scheduler/k8s.go:745.70,753.16 3 0
github.com/hveda/Setagaya/setagaya/scheduler/k8s.go:753.16,755.3 1 0
github.com/hveda/Setagaya/setagaya/scheduler/k8s.go:759.2,760.33 2 0
github.com/hveda/Setagaya/setagaya/scheduler/k8s.go:760.33,761.95 1 0
github.com/hveda/Setagaya/setagaya/scheduler/k8s.go:761.95,763.4 1 0
github.com/hveda/Setagaya/setagaya/scheduler/k8s.go:765.2,765.18 1 0
github.com/hveda/Setagaya/setagaya/scheduler/k8s.go:768.73,776.16 4 0
github.com/hveda/Setagaya/setagaya/scheduler/k8s.go:776.16,779.3 2 0
github.com/hveda/Setagaya/setagaya/scheduler/k8s.go:780.2,781.108 1 0
github.com/hveda/Setagaya/setagaya/scheduler/k8s.go:781.108,783.3 1 0
github.com/hveda/Setagaya/setagaya/scheduler/k8s.go:784.2,784.12 1 0
github.com/hveda/Setagaya/setagaya/scheduler/k8s.go:787.72,789.16 2 0
github.com/hveda/Setagaya/setagaya/scheduler/k8s.go:789.16,791.3 1 0
github.com/hveda/Setagaya/setagaya/scheduler/k8s.go:792.2,793.16 2 0
github.com/hveda/Setagaya/setagaya/scheduler/k8s.go:793.16,795.3 1 0
github.com/hveda/Setagaya/setagaya/scheduler/k8s.go:796.2,796.12 1 0
github.com/hveda/Setagaya/setagaya/scheduler/k8s.go:799.73,802.114 3 0
github.com/hveda/Setagaya/setagaya/scheduler/k8s.go:802.114,804.3 1 0
github.com/hveda/Setagaya/setagaya/scheduler/k8s.go:805.2,805.111 1 0
github.com/hveda/Setagaya/setagaya/scheduler/k8s.go:805.111,807.3 1 0
github.com/hveda/Setagaya/setagaya/scheduler/k8s.go:808.2,808.12 1 0
github.com/hveda/Setagaya/setagaya/scheduler/k8s.go:811.31,811.44 1 0
github.com/hveda/Setagaya/setagaya/scheduler/k8s.go:813.109,904.2 5 0
github.com/hveda/Setagaya/setagaya/scheduler/k8s.go:906.67,911.48 3 0
github.com/hveda/Setagaya/setagaya/scheduler/k8s.go:911.48,913.3 1 0
github.com/hveda/Setagaya/setagaya/scheduler/k8s.go:914.2,914.56 1 0
github.com/hveda/Setagaya/setagaya/scheduler/k8s.go:914.56,916.3 1 0
github.com/hveda/Setagaya/setagaya/scheduler/k8s.go:917.2,917.12 1 0
github.com/hveda/Setagaya/setagaya/scheduler/k8s.go:920.128,957.16 6 0
github.com/hveda/Setagaya/setagaya/scheduler/k8s.go:957.16,959.3 1 0
github.com/hveda/Setagaya/setagaya/scheduler/k8s.go:960.2,960.12 1 0
github.com/hveda/Setagaya/setagaya/scheduler/k8s.go:963.84,966.16 3 0
github.com/hveda/Setagaya/setagaya/scheduler/k8s.go:966.16,968.3 1 0
github.com/hveda/Setagaya/setagaya/scheduler/k8s.go:969.2,970.27 2 0
github.com/hveda/Setagaya/setagaya/scheduler/k8s.go:970.27,972.17 2 0
github.com/hveda/Setagaya/setagaya/scheduler/k8s.go:972.17,974.4 1 0
github.com/hveda/Setagaya/setagaya/scheduler/k8s.go:975.3,975.65 1 0
github.com/hveda/Setagaya/setagaya/scheduler/k8s.go:977.2,977.33 1 0
github.com/hveda/Setagaya/setagaya/scheduler/k8s.go:980.81,983.16 3 0
github.com/hveda/Setagaya/setagaya/scheduler/k8s.go:983.16,985.3 1 0
github.com/hveda/Setagaya/setagaya/scheduler/k8s.go:986.2,987.37 2 0
github.com/hveda/Setagaya/setagaya/scheduler/k8s.go:987.37,989.17 2 0
github.com/hveda/Setagaya/setagaya/scheduler/k8s.go:989.17,991.4 1 0
github.com/hveda/Setagaya/setagaya/scheduler/k8s.go:992.3,992.59 1 0
github.com/hveda/Setagaya/setagaya/scheduler/k8s.go:994.2,994.30 1 0
github.com/hveda/Setagaya/setagaya/scheduler/k8s.go:997.112,1001.16 2 0
github.com/hveda/Setagaya/setagaya/scheduler/k8s.go:1001.16,1003.3 1 0
github.com/hveda/Setagaya/setagaya/scheduler/k8s.go:1004.2,1005.39 2 0
github.com/hveda/Setagaya/setagaya/scheduler/k8s.go:1005.39,1006.36 1 0
github.com/hveda/Setagaya/setagaya/scheduler/k8s.go:1006.36,1008.4 1 0
github.com/hveda/Setagaya/setagaya/scheduler/k8s.go:1010.2,1010.20 1 0
github.com/hveda/Setagaya/setagaya/scheduler/k8s.go:1013.123,1016.16 3 0
github.com/hveda/Setagaya/setagaya/scheduler/k8s.go:1016.16,1018.3 1 0
github.com/hveda/Setagaya/setagaya/scheduler/k8s.go:1019.2,1019.20 1 0
github.com/hveda/Setagaya/setagaya/scheduler/k8s.go:1019.20,1021.3 1 0
github.com/hveda/Setagaya/setagaya/scheduler/k8s.go:1022.2,1024.16 3 0
github.com/hveda/Setagaya/setagaya/scheduler/k8s.go:1024.16,1026.3 1 0
github.com/hveda/Setagaya/setagaya/scheduler/k8s.go:1026.8,1028.3 1 0
github.com/hveda/Setagaya/setagaya/scheduler/k8s.go:1029.2,1030.25 2 0
github.com/hveda/Setagaya/setagaya/scheduler/k8s.go:1030.25,1036.3 5 0
github.com/hveda/Setagaya/setagaya/scheduler/k8s.go:1037.2,1039.31 3 0
github.com/hveda/Setagaya/setagaya/scheduler/k8s.go:1042.45,1044.2 1 0
github.com/hveda/Setagaya/setagaya/scheduler/k8s.go:1047.34,1048.20 1 0
github.com/hveda/Setagaya/setagaya/scheduler/k8s.go:1048.20,1050.3 1 0
github.com/hveda/Setagaya/setagaya/scheduler/k8s.go:1051.2,1051.21 1 0
github.com/hveda/Setagaya/setagaya/scheduler/k8s.go:1051.21,1053.3 1 0
github.com/hveda/Setagaya/setagaya/scheduler/k8s.go:1054.2,1054.17 1 0
github.com/hveda/Setagaya/setagaya/scheduler/meta.go:8.88,10.2 1 1
github.com/hveda/Setagaya/setagaya/scheduler/meta.go:12.81,14.2 1 1
github.com/hveda/Setagaya/setagaya/scheduler/meta.go:16.65,18.2 1 1
github.com/hveda/Setagaya/setagaya/scheduler/meta.go:20.82,22.2 1 1
github.com/hveda/Setagaya/setagaya/scheduler/meta.go:24.47,26.2 1 1
github.com/hveda/Setagaya/setagaya/scheduler/meta.go:28.69,33.2 1 1
github.com/hveda/Setagaya/setagaya/scheduler/meta.go:35.68,40.2 4 1
github.com/hveda/Setagaya/setagaya/scheduler/meta.go:42.72,45.2 2 1
github.com/hveda/Setagaya/setagaya/scheduler/meta.go:47.98,53.2 5 1
github.com/hveda/Setagaya/setagaya/scheduler/meta.go:55.77,60.2 4 1
github.com/hveda/Setagaya/setagaya/scheduler/meta.go:62.53,64.2 1 1
github.com/hveda/Setagaya/setagaya/scheduler/types.go:34.68,35.18 1 0
github.com/hveda/Setagaya/setagaya/scheduler/types.go:36.13,37.34 1 0
github.com/hveda/Setagaya/setagaya/scheduler/types.go:38.18,39.26 1 0
github.com/hveda/Setagaya/setagaya/scheduler/types.go:41.2,42.12 2 0
github.com/hveda/Setagaya/setagaya/utils/csv.go:10.71,17.29 1 1
github.com/hveda/Setagaya/setagaya/utils/csv.go:17.29,19.3 1 1
github.com/hveda/Setagaya/setagaya/utils/csv.go:20.2,24.19 5 1
github.com/hveda/Setagaya/setagaya/utils/csv.go:27.75,28.33 1 1
github.com/hveda/Setagaya/setagaya/utils/csv.go:28.33,31.3 1 1
github.com/hveda/Setagaya/setagaya/utils/csv.go:32.2,35.16 4 1
github.com/hveda/Setagaya/setagaya/utils/csv.go:35.16,37.3 1 0
github.com/hveda/Setagaya/setagaya/utils/csv.go:38.2,42.32 5 1
github.com/hveda/Setagaya/setagaya/utils/csv.go:42.32,43.36 1 1
github.com/hveda/Setagaya/setagaya/utils/csv.go:43.36,45.4 1 0
github.com/hveda/Setagaya/setagaya/utils/csv.go:47.2,48.34 2 1
github.com/hveda/Setagaya/setagaya/utils/csv.go:48.34,50.3 1 0
github.com/hveda/Setagaya/setagaya/utils/csv.go:51.2,51.25 1 1
github.com/hveda/Setagaya/setagaya/utils/retry.go:14.54,16.35 2 1
github.com/hveda/Setagaya/setagaya/utils/retry.go:16.35,18.17 2 1
github.com/hveda/Setagaya/setagaya/utils/retry.go:18.17,20.4 1 1
github.com/hveda/Setagaya/setagaya/utils/retry.go:21.3,21.29 1 1
github.com/hveda/Setagaya/setagaya/utils/retry.go:21.29,23.4 1 1
github.com/hveda/Setagaya/setagaya/utils/retry.go:24.3,25.9 2 1
github.com/hveda/Setagaya/setagaya/utils/retry.go:25.9,28.4 1 1
github.com/hveda/Setagaya/setagaya/utils/retry.go:29.3,29.58 1 1
github.com/hveda/Setagaya/setagaya/utils/retry.go:31.2,31.12 1 0
github.com/hveda/Setagaya/setagaya/utils/string.go:10.36,12.19 2 1
github.com/hveda/Setagaya/setagaya/utils/string.go:12.19,15.17 2 1
github.com/hveda/Setagaya/setagaya/utils/string.go:15.17,18.12 2 0
github.com/hveda/Setagaya/setagaya/utils/string.go:20.3,20.42 1 1
github.com/hveda/Setagaya/setagaya/utils/string.go:22.2,22.18 1 1
github.com/hveda/Setagaya/setagaya/utils/write.go:8.36,9.55 1 1
github.com/hveda/Setagaya/setagaya/utils/write.go:9.55,10.55 1 1
github.com/hveda/Setagaya/setagaya/utils/write.go:10.55,12.4 1 1
github.com/hveda/Setagaya/setagaya/utils/write.go:16.38,17.49 1 1
github.com/hveda/Setagaya/setagaya/utils/write.go:17.49,19.3 1 0
